<?xml version="1.0" encoding="UTF-8"?>
<!-- Generated by org.testng.reporters.JUnitReportReporter -->
<testsuite hostname="DESKTOP-T8B8QGB" failures="0" tests="3" name="TestCases.TestMethods_GoogleSearch" time="20.360" errors="0" timestamp="2024-05-29T21:53:21 IST" skipped="0">
  <testcase classname="TestCases.TestMethods_GoogleSearch" name="SearchOperation" time="3.551"/>
  <system-out/>
  <testcase classname="TestCases.TestMethods_GoogleSearch" name="verifyAndAccessFacebook" time="3.133"/>
  <system-out/>
  <testcase classname="TestCases.TestMethods_GoogleSearch" name="verifyFacebookLogin" time="13.676"/>
  <system-out/>
</testsuite> <!-- TestCases.TestMethods_GoogleSearch -->
